mode: set
github.com/pixlcrashr/go-pagetoken/keyset.go:24.41,26.2 1 0
github.com/pixlcrashr/go-pagetoken/keyset.go:28.60,30.54 2 0
github.com/pixlcrashr/go-pagetoken/keyset.go:30.54,32.3 1 0
github.com/pixlcrashr/go-pagetoken/keyset.go:34.2,34.32 1 0
github.com/pixlcrashr/go-pagetoken/keyset.go:39.47,41.2 1 0
github.com/pixlcrashr/go-pagetoken/keyset.go:43.65,51.27 4 0
github.com/pixlcrashr/go-pagetoken/keyset.go:51.27,53.3 1 0
github.com/pixlcrashr/go-pagetoken/keyset.go:55.2,55.13 1 0
github.com/pixlcrashr/go-pagetoken/keyset.go:58.48,61.37 2 0
github.com/pixlcrashr/go-pagetoken/keyset.go:61.37,65.3 3 0
github.com/pixlcrashr/go-pagetoken/keyset.go:67.2,67.74 1 0
github.com/pixlcrashr/go-pagetoken/keyset.go:72.63,73.30 1 0
github.com/pixlcrashr/go-pagetoken/keyset.go:73.30,75.3 1 0
github.com/pixlcrashr/go-pagetoken/keyset.go:84.74,85.36 1 0
github.com/pixlcrashr/go-pagetoken/keyset.go:85.36,87.3 1 0
github.com/pixlcrashr/go-pagetoken/keyset.go:90.71,92.16 2 0
github.com/pixlcrashr/go-pagetoken/keyset.go:92.16,94.3 1 0
github.com/pixlcrashr/go-pagetoken/keyset.go:96.2,97.47 2 0
github.com/pixlcrashr/go-pagetoken/keyset.go:97.47,99.3 1 0
github.com/pixlcrashr/go-pagetoken/keyset.go:101.2,102.16 2 0
github.com/pixlcrashr/go-pagetoken/keyset.go:102.16,104.3 1 0
github.com/pixlcrashr/go-pagetoken/keyset.go:106.2,107.36 2 0
github.com/pixlcrashr/go-pagetoken/keyset.go:107.36,109.17 2 0
github.com/pixlcrashr/go-pagetoken/keyset.go:109.17,111.4 1 0
github.com/pixlcrashr/go-pagetoken/keyset.go:113.3,117.5 1 0
github.com/pixlcrashr/go-pagetoken/keyset.go:120.2,124.8 1 0
github.com/pixlcrashr/go-pagetoken/keyset.go:127.76,129.27 2 0
github.com/pixlcrashr/go-pagetoken/keyset.go:129.27,131.3 1 0
github.com/pixlcrashr/go-pagetoken/keyset.go:133.2,133.10 1 0
github.com/pixlcrashr/go-pagetoken/keyset_payload.go:9.49,11.2 1 1
github.com/pixlcrashr/go-pagetoken/keyset_payload.go:14.65,15.26 1 1
github.com/pixlcrashr/go-pagetoken/keyset_payload.go:15.26,16.20 1 1
github.com/pixlcrashr/go-pagetoken/keyset_payload.go:16.20,18.4 1 1
github.com/pixlcrashr/go-pagetoken/keyset_payload.go:20.2,20.40 1 1
github.com/pixlcrashr/go-pagetoken/keyset_payload.go:23.38,25.2 1 1
github.com/pixlcrashr/go-pagetoken/keyset_payload.go:29.68,31.2 1 1
github.com/pixlcrashr/go-pagetoken/keyset_payload.go:35.64,37.2 1 1
github.com/pixlcrashr/go-pagetoken/keyset_payload.go:41.62,42.61 1 1
github.com/pixlcrashr/go-pagetoken/keyset_payload.go:42.61,45.3 2 1
github.com/pixlcrashr/go-pagetoken/keyset_payload.go:48.64,49.62 1 1
github.com/pixlcrashr/go-pagetoken/keyset_payload.go:49.62,52.3 2 1
github.com/pixlcrashr/go-pagetoken/keyset_payload.go:55.66,56.63 1 1
github.com/pixlcrashr/go-pagetoken/keyset_payload.go:56.63,59.3 2 1
github.com/pixlcrashr/go-pagetoken/keyset_payload.go:62.66,63.63 1 1
github.com/pixlcrashr/go-pagetoken/keyset_payload.go:63.63,66.3 2 1
github.com/pixlcrashr/go-pagetoken/keyset_payload.go:69.66,70.63 1 1
github.com/pixlcrashr/go-pagetoken/keyset_payload.go:70.63,73.3 2 1
github.com/pixlcrashr/go-pagetoken/keyset_payload.go:78.64,79.62 1 1
github.com/pixlcrashr/go-pagetoken/keyset_payload.go:79.62,82.3 2 1
github.com/pixlcrashr/go-pagetoken/keyset_payload.go:85.66,86.63 1 1
github.com/pixlcrashr/go-pagetoken/keyset_payload.go:86.63,89.3 2 1
github.com/pixlcrashr/go-pagetoken/keyset_payload.go:92.68,93.64 1 1
github.com/pixlcrashr/go-pagetoken/keyset_payload.go:93.64,96.3 2 1
github.com/pixlcrashr/go-pagetoken/keyset_payload.go:99.68,100.64 1 1
github.com/pixlcrashr/go-pagetoken/keyset_payload.go:100.64,103.3 2 1
github.com/pixlcrashr/go-pagetoken/keyset_payload.go:106.68,107.64 1 1
github.com/pixlcrashr/go-pagetoken/keyset_payload.go:107.64,110.3 2 1
github.com/pixlcrashr/go-pagetoken/keyset_payload.go:116.64,118.2 1 1
github.com/pixlcrashr/go-pagetoken/keyset_payload.go:121.64,123.2 1 1
github.com/pixlcrashr/go-pagetoken/keyset_payload.go:127.70,128.65 1 1
github.com/pixlcrashr/go-pagetoken/keyset_payload.go:128.65,131.3 2 1
github.com/pixlcrashr/go-pagetoken/keyset_payload.go:134.70,135.65 1 1
github.com/pixlcrashr/go-pagetoken/keyset_payload.go:135.65,138.3 2 1
github.com/pixlcrashr/go-pagetoken/keyset_payload.go:143.74,144.67 1 1
github.com/pixlcrashr/go-pagetoken/keyset_payload.go:144.67,147.3 2 1
github.com/pixlcrashr/go-pagetoken/keyset_payload.go:150.76,151.68 1 1
github.com/pixlcrashr/go-pagetoken/keyset_payload.go:151.68,154.3 2 1
github.com/pixlcrashr/go-pagetoken/keyset_payload.go:170.110,172.16 2 1
github.com/pixlcrashr/go-pagetoken/keyset_payload.go:172.16,175.3 2 1
github.com/pixlcrashr/go-pagetoken/keyset_payload.go:177.2,178.16 2 1
github.com/pixlcrashr/go-pagetoken/keyset_payload.go:178.16,181.3 2 1
github.com/pixlcrashr/go-pagetoken/keyset_payload.go:182.2,182.24 1 1
github.com/pixlcrashr/go-pagetoken/keyset_payload_builder.go:13.93,20.2 2 1
github.com/pixlcrashr/go-pagetoken/keyset_payload_builder.go:25.55,29.2 3 1
github.com/pixlcrashr/go-pagetoken/keyset_payload_builder.go:33.103,35.2 1 1
github.com/pixlcrashr/go-pagetoken/keyset_payload_builder.go:39.99,41.2 1 1
github.com/pixlcrashr/go-pagetoken/keyset_payload_builder.go:45.97,47.2 1 1
github.com/pixlcrashr/go-pagetoken/keyset_payload_builder.go:49.99,51.2 1 1
github.com/pixlcrashr/go-pagetoken/keyset_payload_builder.go:53.101,55.2 1 1
github.com/pixlcrashr/go-pagetoken/keyset_payload_builder.go:57.101,59.2 1 1
github.com/pixlcrashr/go-pagetoken/keyset_payload_builder.go:61.101,63.2 1 1
github.com/pixlcrashr/go-pagetoken/keyset_payload_builder.go:67.99,69.2 1 1
github.com/pixlcrashr/go-pagetoken/keyset_payload_builder.go:71.101,73.2 1 1
github.com/pixlcrashr/go-pagetoken/keyset_payload_builder.go:75.103,77.2 1 1
github.com/pixlcrashr/go-pagetoken/keyset_payload_builder.go:79.103,81.2 1 1
github.com/pixlcrashr/go-pagetoken/keyset_payload_builder.go:83.103,85.2 1 1
github.com/pixlcrashr/go-pagetoken/keyset_payload_builder.go:90.99,92.2 1 1
github.com/pixlcrashr/go-pagetoken/keyset_payload_builder.go:95.99,97.2 1 1
github.com/pixlcrashr/go-pagetoken/keyset_payload_builder.go:101.105,103.2 1 1
github.com/pixlcrashr/go-pagetoken/keyset_payload_builder.go:105.105,107.2 1 1
github.com/pixlcrashr/go-pagetoken/keyset_payload_builder.go:111.109,113.2 1 1
github.com/pixlcrashr/go-pagetoken/keyset_payload_builder.go:115.111,117.2 1 1
github.com/pixlcrashr/go-pagetoken/keyset_payload_builder.go:127.142,129.2 1 1
github.com/pixlcrashr/go-pagetoken/order.go:7.32,8.19 1 1
github.com/pixlcrashr/go-pagetoken/order.go:8.19,10.3 1 1
github.com/pixlcrashr/go-pagetoken/order.go:12.2,12.12 1 1
github.com/pixlcrashr/go-pagetoken/order.go:20.42,21.11 1 1
github.com/pixlcrashr/go-pagetoken/order.go:22.11,23.23 1 1
github.com/pixlcrashr/go-pagetoken/order.go:24.11,25.24 1 1
github.com/pixlcrashr/go-pagetoken/order.go:26.10,27.55 1 1
github.com/pixlcrashr/go-pagetoken/request.go:26.69,27.33 1 0
github.com/pixlcrashr/go-pagetoken/request.go:27.33,29.3 1 0
github.com/pixlcrashr/go-pagetoken/request.go:32.59,33.33 1 0
github.com/pixlcrashr/go-pagetoken/request.go:33.33,35.3 1 0
github.com/pixlcrashr/go-pagetoken/request.go:40.18,42.27 2 0
github.com/pixlcrashr/go-pagetoken/request.go:42.27,44.3 1 0
github.com/pixlcrashr/go-pagetoken/request.go:47.2,47.11 1 0
github.com/pixlcrashr/go-pagetoken/request.go:50.94,53.2 2 0
github.com/pixlcrashr/go-pagetoken/request.go:55.65,59.13 3 0
github.com/pixlcrashr/go-pagetoken/request.go:59.13,64.49 3 0
github.com/pixlcrashr/go-pagetoken/request.go:64.49,66.4 1 0
github.com/pixlcrashr/go-pagetoken/request.go:67.3,68.17 2 0
github.com/pixlcrashr/go-pagetoken/request.go:68.17,70.4 1 0
github.com/pixlcrashr/go-pagetoken/request.go:71.3,74.16 4 0
github.com/pixlcrashr/go-pagetoken/request.go:77.2,79.16 3 0
github.com/pixlcrashr/go-pagetoken/request.go:79.16,81.3 1 0
github.com/pixlcrashr/go-pagetoken/request.go:84.2,85.48 2 0
github.com/pixlcrashr/go-pagetoken/request.go:85.48,87.3 1 0
github.com/pixlcrashr/go-pagetoken/request.go:88.2,89.16 2 0
github.com/pixlcrashr/go-pagetoken/request.go:89.16,91.3 1 0
github.com/pixlcrashr/go-pagetoken/request.go:93.2,93.23 1 0
github.com/pixlcrashr/go-pagetoken/request.go:93.23,97.3 1 0
github.com/pixlcrashr/go-pagetoken/request.go:99.2,99.15 1 0
